[2022-01-30T08:28:16.272] [INFO] default - Successfully connected to MongoDB::Mimir ...
[2022-01-30T08:28:16.277] [INFO] default - Express server listening on port 5000
[2022-01-30T08:51:47.355] [INFO] default - Successfully connected to MongoDB::Phone-book ...
[2022-01-30T08:51:47.362] [INFO] default - Express server listening on port 5000
[2022-01-30T08:59:00.706] [INFO] default - Successfully connected to MongoDB::Phone-book ...
[2022-01-30T08:59:00.711] [INFO] default - Express server listening on port 5000
[2022-01-30T09:00:34.287] [INFO] default - Successfully connected to MongoDB::Phone-book ...
[2022-01-30T09:00:34.292] [INFO] default - Express server listening on port 5000
[2022-01-30T09:22:00.170] [INFO] default - Successfully connected to MongoDB::Phone-book ...
[2022-01-30T09:22:00.175] [INFO] default - Express server listening on port 5000
[2022-01-30T09:23:05.046] [INFO] default - Successfully connected to MongoDB::Phone-book ...
[2022-01-30T09:23:05.051] [INFO] default - Express server listening on port 5000
[2022-01-30T09:26:24.955] [INFO] default - Successfully connected to MongoDB::Phone-book ...
[2022-01-30T09:26:24.961] [INFO] default - Express server listening on port 5000
[2022-01-30T09:28:40.081] [INFO] default - Successfully connected to MongoDB::Phone-book ...
[2022-01-30T09:28:40.087] [INFO] default - Express server listening on port 5000
[2022-01-30T09:32:10.152] [INFO] default - Successfully connected to MongoDB::Phone-book ...
[2022-01-30T09:32:10.158] [INFO] default - Express server listening on port 5000
[2022-01-30T10:15:55.463] [INFO] default - Successfully connected to MongoDB::Phone-book ...
[2022-01-30T10:15:55.471] [INFO] default - Express server listening on port 5000
[2022-01-30T10:25:01.040] [INFO] default - Successfully connected to MongoDB::Phone-book ...
[2022-01-30T10:25:01.047] [INFO] default - Express server listening on port 5000
[2022-01-30T10:27:23.865] [INFO] default - Successfully connected to MongoDB::Phone-book ...
[2022-01-30T10:27:23.871] [INFO] default - Express server listening on port 5000
[2022-01-30T10:31:23.452] [INFO] default - Successfully connected to MongoDB::Phone-book ...
[2022-01-30T10:31:23.459] [INFO] default - Express server listening on port 5000
[2022-01-30T10:37:32.932] [INFO] default - Successfully connected to MongoDB::Phone-book ...
[2022-01-30T10:37:32.939] [INFO] default - Express server listening on port 5000
[2022-01-30T10:38:46.764] [INFO] default - Successfully connected to MongoDB::Phone-book ...
[2022-01-30T10:38:46.770] [INFO] default - Express server listening on port 5000
[2022-01-30T11:31:41.050] [INFO] default - Successfully connected to MongoDB::Phone-book ...
[2022-01-30T11:31:41.063] [INFO] default - Express server listening on port 5000
[2022-01-30T11:38:04.306] [INFO] default - Successfully connected to MongoDB::Phone-book ...
[2022-01-30T11:38:04.319] [INFO] default - Express server listening on port 5000
[2022-01-30T11:49:29.017] [INFO] default - Successfully connected to MongoDB::Phone-book ...
[2022-01-30T11:49:29.029] [INFO] default - Express server listening on port 5000
[2022-01-30T12:19:11.158] [INFO] default - Successfully connected to MongoDB::Phone-book ...
[2022-01-30T12:19:11.171] [INFO] default - Express server listening on port 5000
[2022-01-30T12:20:24.958] [INFO] default - Successfully connected to MongoDB::Phone-book ...
[2022-01-30T12:20:24.970] [INFO] default - Express server listening on port 5000
[2022-01-30T12:21:56.780] [INFO] default - Successfully connected to MongoDB::Phone-book ...
[2022-01-30T12:21:56.792] [INFO] default - Express server listening on port 5000
[2022-01-30T12:24:58.248] [INFO] default - Successfully connected to MongoDB::Phone-book ...
[2022-01-30T12:24:58.262] [INFO] default - Express server listening on port 5000
[2022-01-30T12:28:33.836] [INFO] default - Successfully connected to MongoDB::Phone-book ...
[2022-01-30T12:28:33.849] [INFO] default - Express server listening on port 5000
[2022-01-30T12:32:59.187] [INFO] default - Successfully connected to MongoDB::Phone-book ...
[2022-01-30T12:32:59.201] [INFO] default - Express server listening on port 5000
[2022-01-30T12:36:28.019] [INFO] default - Successfully connected to MongoDB::Phone-book ...
[2022-01-30T12:36:28.031] [INFO] default - Express server listening on port 5000
[2022-01-30T13:47:36.448] [INFO] default - Successfully connected to MongoDB::phone-book ...
[2022-01-30T13:47:36.460] [INFO] default - Express server listening on port 5000
[2022-01-30T13:50:04.262] [INFO] default - Successfully connected to MongoDB::phone-book ...
[2022-01-30T13:50:04.274] [INFO] default - Express server listening on port 5000
[2022-01-30T13:51:33.464] [INFO] default - Successfully connected to MongoDB::phone-book ...
[2022-01-30T13:51:33.475] [INFO] default - Express server listening on port 5000
[2022-01-30T13:52:33.520] [INFO] default - adding record ...
[2022-01-30T13:54:09.318] [INFO] default - Successfully connected to MongoDB::phone-book ...
[2022-01-30T13:54:09.331] [INFO] default - Express server listening on port 5000
[2022-01-30T13:54:32.659] [INFO] default - adding record ...
[2022-01-30T13:56:44.247] [INFO] default - Successfully connected to MongoDB::phone-book ...
[2022-01-30T13:56:44.259] [INFO] default - Express server listening on port 5000
[2022-01-30T13:56:55.713] [INFO] default - adding record ...
[2022-01-30T14:12:06.854] [INFO] default - Successfully connected to MongoDB::phone-book ...
[2022-01-30T14:12:06.866] [INFO] default - Express server listening on port 5000
[2022-01-30T14:12:20.408] [INFO] default - adding record ...
[2022-01-30T14:14:54.021] [INFO] default - Successfully connected to MongoDB::phone-book ...
[2022-01-30T14:14:54.033] [INFO] default - Express server listening on port 5000
[2022-01-30T14:15:05.578] [INFO] default - adding record ...
[2022-01-30T14:21:04.627] [INFO] default - Successfully connected to MongoDB::phone-book ...
[2022-01-30T14:21:04.640] [INFO] default - Express server listening on port 5000
[2022-01-30T14:21:15.108] [INFO] default - adding record ...
[2022-01-30T14:45:17.746] [INFO] default - Successfully connected to MongoDB::phone-book ...
[2022-01-30T14:45:17.758] [INFO] default - Express server listening on port 5000
[2022-01-30T14:45:32.565] [INFO] default - adding record ...
[2022-01-30T14:49:38.468] [INFO] default - adding record ...
[2022-01-30T14:54:29.954] [INFO] default - Successfully connected to MongoDB::phone-book ...
[2022-01-30T14:54:29.965] [INFO] default - Express server listening on port 5000
[2022-01-30T14:54:42.492] [INFO] default - adding record ...
[2022-01-30T15:12:24.599] [INFO] default - Successfully connected to MongoDB::phone-book ...
[2022-01-30T15:12:24.612] [INFO] default - Express server listening on port 5000
[2022-01-30T15:13:24.259] [INFO] default - Successfully connected to MongoDB::phone-book ...
[2022-01-30T15:13:24.272] [INFO] default - Express server listening on port 5000
[2022-01-30T15:14:50.071] [INFO] default - Successfully connected to MongoDB::phone-book ...
[2022-01-30T15:14:50.083] [INFO] default - Express server listening on port 5000
[2022-01-30T16:18:59.897] [INFO] default - Successfully connected to MongoDB::phone-book ...
[2022-01-30T16:18:59.909] [INFO] default - Express server listening on port 5000
[2022-01-30T16:29:11.425] [INFO] default - Successfully connected to MongoDB::phone-book ...
[2022-01-30T16:29:11.438] [INFO] default - Express server listening on port 5000
[2022-01-30T16:33:47.954] [INFO] default - Successfully connected to MongoDB::phone-book ...
[2022-01-30T16:33:47.966] [INFO] default - Express server listening on port 5000
[2022-01-30T16:35:14.192] [INFO] default - Successfully connected to MongoDB::phone-book ...
[2022-01-30T16:35:14.204] [INFO] default - Express server listening on port 5000
[2022-01-30T16:38:28.211] [INFO] default - Successfully connected to MongoDB::phone-book ...
[2022-01-30T16:38:28.222] [INFO] default - Express server listening on port 5000
[2022-01-30T16:42:12.457] [INFO] default - Successfully connected to MongoDB::phone-book ...
[2022-01-30T16:42:12.470] [INFO] default - Express server listening on port 5000
[2022-01-30T16:43:06.594] [INFO] default - Successfully connected to MongoDB::phone-book ...
[2022-01-30T16:43:06.606] [INFO] default - Express server listening on port 5000
[2022-01-30T16:47:51.962] [INFO] default - Successfully connected to MongoDB::phone-book ...
[2022-01-30T16:47:51.973] [INFO] default - Express server listening on port 5000
[2022-01-30T16:52:11.660] [INFO] default - Successfully connected to MongoDB::phone-book ...
[2022-01-30T16:52:11.672] [INFO] default - Express server listening on port 5000
